<?xml version="1.0" encoding="UTF-8"?>
<!-- Generated by org.testng.reporters.JUnitXMLReporter -->
<testsuite hostname="Namana-L" ignored="0" name="GetTitleofHomePage" tests="1" failures="0" timestamp="20 Jul 2017 11:22:03 GMT" time="0.048" errors="0">
  <testcase name="@BeforeTest checkCaseToRun" time="0.037" classname="com.stta.SuiteOne.GetTitleofHomePage">
    <skipped/>
  </testcase> <!-- @BeforeTest checkCaseToRun -->
  <testcase name="@AfterTest closeBrowser" time="0.0" classname="com.stta.SuiteOne.GetTitleofHomePage">
    <skipped/>
  </testcase> <!-- @AfterTest closeBrowser -->
  <testcase name="getTitle" time="0.0" classname="com.stta.SuiteOne.GetTitleofHomePage">
    <skipped/>
  </testcase> <!-- getTitle -->
</testsuite> <!-- GetTitleofHomePage -->
