<?xml version="1.0" encoding="UTF-8"?>
<!-- Generated by org.testng.reporters.JUnitXMLReporter -->
<testsuite hostname="Namana-L" ignored="0" name="SuiteOneCaseOne" tests="1" failures="1" timestamp="20 Jul 2017 10:56:09 GMT" time="0.075" errors="0">
  <testcase name="@BeforeTest checkCaseToRun" time="0.028" classname="com.stta.SuiteOne.SuiteOneCaseOne">
    <skipped/>
  </testcase> <!-- @BeforeTest checkCaseToRun -->
  <testcase name="@AfterTest closeBrowser" time="0.0" classname="com.stta.SuiteOne.SuiteOneCaseOne">
    <skipped/>
  </testcase> <!-- @AfterTest closeBrowser -->
  <testcase name="SuiteOneCaseOneTest" time="0.0" classname="com.stta.SuiteOne.SuiteOneCaseOne">
    <failure type="org.testng.TestNGException" message="
Data Provider public java.lang.Object[][] com.stta.SuiteOne.SuiteOneCaseOne.SuiteOneCaseOneData() must return either Object[][] or Iterator&amp;lt;Object&amp;gt;[], not class [[Ljava.lang.Object;">
      <![CDATA[org.testng.TestNGException: 
Data Provider public java.lang.Object[][] com.stta.SuiteOne.SuiteOneCaseOne.SuiteOneCaseOneData() must return either Object[][] or Iterator<Object>[], not class [[Ljava.lang.Object;
... Removed 23 stack frames]]>
    </failure>
  </testcase> <!-- SuiteOneCaseOneTest -->
</testsuite> <!-- SuiteOneCaseOne -->
